Temp/gradleOut/launcher/build/intermediates/manifest_merge_blame_file/release/manifest-merger-blame-release-report.txt
1<?xml version="1.0" encoding="utf-8"?>
2<!-- GENERATED BY UNITY. REMOVE THIS COMMENT TO PREVENT OVERWRITING WHEN EXPORTING AGAIN -->
3<manifest xmlns:android="http://schemas.android.com/apk/res/android"
4    package="com.DefaultCompany.PutOn"
5    android:installLocation="preferExternal"
6    android:versionCode="1"
7    android:versionName="0.1" >
8
9    <uses-sdk
10        android:minSdkVersion="25"
10-->src/main/AndroidManifest.xml
11        android:targetSdkVersion="29" />
11-->src/main/AndroidManifest.xml
12
13    <supports-screens
13-->src/main/AndroidManifest.xml:4:3-163
14        android:anyDensity="true"
14-->src/main/AndroidManifest.xml:4:135-160
15        android:largeScreens="true"
15-->src/main/AndroidManifest.xml:4:78-105
16        android:normalScreens="true"
16-->src/main/AndroidManifest.xml:4:49-77
17        android:smallScreens="true"
17-->src/main/AndroidManifest.xml:4:21-48
18        android:xlargeScreens="true" />
18-->src/main/AndroidManifest.xml:4:106-134
19
20    <uses-feature android:glEsVersion="0x00030000" />
20-->[:unityLibrary] AndroidManifest.xml:13:5-54
20-->[:unityLibrary] AndroidManifest.xml:13:19-51
21
22    <uses-permission android:name="android.permission.INTERNET" />
22-->[:unityLibrary] AndroidManifest.xml:15:5-67
22-->[:unityLibrary] AndroidManifest.xml:15:22-64
23    <uses-permission android:name="android.permission.CAMERA" />
23-->[:unityLibrary] AndroidManifest.xml:16:5-65
23-->[:unityLibrary] AndroidManifest.xml:16:22-62
24
25    <uses-feature
25-->[:unityLibrary] AndroidManifest.xml:18:5-20:36
26        android:name="android.hardware.camera"
26-->[:unityLibrary] AndroidManifest.xml:19:9-47
27        android:required="false" />
27-->[:unityLibrary] AndroidManifest.xml:20:9-33
28    <uses-feature
28-->[:unityLibrary] AndroidManifest.xml:21:5-23:36
29        android:name="android.hardware.camera.autofocus"
29-->[:unityLibrary] AndroidManifest.xml:22:9-57
30        android:required="false" />
30-->[:unityLibrary] AndroidManifest.xml:23:9-33
31    <uses-feature
31-->[:unityLibrary] AndroidManifest.xml:24:5-26:36
32        android:name="android.hardware.camera.front"
32-->[:unityLibrary] AndroidManifest.xml:25:9-53
33        android:required="false" />
33-->[:unityLibrary] AndroidManifest.xml:26:9-33
34    <uses-feature
34-->[:unityLibrary] AndroidManifest.xml:27:5-29:36
35        android:name="android.hardware.touchscreen"
35-->[:unityLibrary] AndroidManifest.xml:28:9-52
36        android:required="false" />
36-->[:unityLibrary] AndroidManifest.xml:29:9-33
37    <uses-feature
37-->[:unityLibrary] AndroidManifest.xml:30:5-32:36
38        android:name="android.hardware.touchscreen.multitouch"
38-->[:unityLibrary] AndroidManifest.xml:31:9-63
39        android:required="false" />
39-->[:unityLibrary] AndroidManifest.xml:32:9-33
40    <uses-feature
40-->[:unityLibrary] AndroidManifest.xml:33:5-35:36
41        android:name="android.hardware.touchscreen.multitouch.distinct"
41-->[:unityLibrary] AndroidManifest.xml:34:9-72
42        android:required="false" />
42-->[:unityLibrary] AndroidManifest.xml:35:9-33
43
44    <uses-permission android:name="android.permission.READ_EXTERNAL_STORAGE" />
44-->[:NativeCamera:] AndroidManifest.xml:13:2-98
44-->[:NativeCamera:] AndroidManifest.xml:13:19-74
45    <uses-permission android:name="android.permission.WRITE_EXTERNAL_STORAGE" />
45-->[:NativeCamera:] AndroidManifest.xml:14:2-99
45-->[:NativeCamera:] AndroidManifest.xml:14:19-75
46
47    <application
47-->src/main/AndroidManifest.xml:5:3-116
48        android:extractNativeLibs="true"
48-->src/main/AndroidManifest.xml:5:16-48
49        android:icon="@mipmap/app_icon"
49-->src/main/AndroidManifest.xml:5:82-113
50        android:label="@string/app_name" >
50-->src/main/AndroidManifest.xml:5:49-81
51        <activity
51-->[:unityLibrary] AndroidManifest.xml:38:9-57:20
52            android:name="com.unity3d.player.UnityPlayerActivity"
52-->[:unityLibrary] AndroidManifest.xml:39:13-66
53            android:configChanges="mcc|mnc|locale|touchscreen|keyboard|keyboardHidden|navigation|orientation|screenLayout|uiMode|screenSize|smallestScreenSize|fontScale|layoutDirection|density"
53-->[:unityLibrary] AndroidManifest.xml:40:13-194
54            android:hardwareAccelerated="false"
54-->[:unityLibrary] AndroidManifest.xml:41:13-48
55            android:launchMode="singleTask"
55-->[:unityLibrary] AndroidManifest.xml:42:13-44
56            android:screenOrientation="portrait"
56-->[:unityLibrary] AndroidManifest.xml:43:13-49
57            android:theme="@style/UnityThemeSelector" >
57-->[:unityLibrary] AndroidManifest.xml:44:13-54
58            <intent-filter>
58-->[:unityLibrary] AndroidManifest.xml:45:13-49:29
59                <action android:name="android.intent.action.MAIN" />
59-->[:unityLibrary] AndroidManifest.xml:46:17-69
59-->[:unityLibrary] AndroidManifest.xml:46:25-66
60
61                <category android:name="android.intent.category.LAUNCHER" />
61-->[:unityLibrary] AndroidManifest.xml:48:17-77
61-->[:unityLibrary] AndroidManifest.xml:48:27-74
62            </intent-filter>
63
64            <meta-data
64-->[:unityLibrary] AndroidManifest.xml:51:13-53:40
65                android:name="unityplayer.UnityActivity"
65-->[:unityLibrary] AndroidManifest.xml:52:17-57
66                android:value="true" />
66-->[:unityLibrary] AndroidManifest.xml:53:17-37
67            <meta-data
67-->[:unityLibrary] AndroidManifest.xml:54:13-56:40
68                android:name="android.notch_support"
68-->[:unityLibrary] AndroidManifest.xml:55:17-53
69                android:value="true" />
69-->[:unityLibrary] AndroidManifest.xml:56:17-37
70        </activity>
71
72        <meta-data
72-->[:unityLibrary] AndroidManifest.xml:59:9-61:33
73            android:name="unity.splash-mode"
73-->[:unityLibrary] AndroidManifest.xml:60:13-45
74            android:value="0" />
74-->[:unityLibrary] AndroidManifest.xml:61:13-30
75        <meta-data
75-->[:unityLibrary] AndroidManifest.xml:62:9-64:36
76            android:name="unity.splash-enable"
76-->[:unityLibrary] AndroidManifest.xml:63:13-47
77            android:value="True" />
77-->[:unityLibrary] AndroidManifest.xml:64:13-33
78        <meta-data
78-->[:unityLibrary] AndroidManifest.xml:65:9-67:50
79            android:name="notch.config"
79-->[:unityLibrary] AndroidManifest.xml:66:13-40
80            android:value="portrait|landscape" />
80-->[:unityLibrary] AndroidManifest.xml:67:13-47
81        <meta-data
81-->[:unityLibrary] AndroidManifest.xml:68:9-70:68
82            android:name="unity.build-id"
82-->[:unityLibrary] AndroidManifest.xml:69:13-42
83            android:value="0f1f6f86-d3ad-47c7-ba4e-72edf00f1335" />
83-->[:unityLibrary] AndroidManifest.xml:70:13-65
84
85        <provider
85-->[:NativeCamera:] AndroidManifest.xml:4:3-8:42
86            android:name="com.yasirkula.unity.NativeCameraContentProvider"
86-->[:NativeCamera:] AndroidManifest.xml:5:5-67
87            android:authorities="com.DefaultCompany.PutOn.NativeCameraContentProvider"
87-->[:NativeCamera:] AndroidManifest.xml:6:5-71
88            android:exported="false"
88-->[:NativeCamera:] AndroidManifest.xml:7:5-29
89            android:grantUriPermissions="true" />
89-->[:NativeCamera:] AndroidManifest.xml:8:5-39
90    </application>
91
92</manifest>